==607== Memcheck, a memory error detector
==607== Copyright (C) 2002-2017, and GNU GPL'd, by Julian Seward et al.
==607== Using Valgrind-3.15.0-608cb11914-20190413 and LibVEX; rerun with -h for copyright info
==607== Command: ./hsh
==607== Parent PID: 579
==607== 
--607-- 
--607-- Valgrind options:
--607--    --leak-check=full
--607--    --show-leak-kinds=all
--607--    --track-origins=yes
--607--    --verbose
--607--    --log-file=valgrind.log
--607-- Contents of /proc/version:
--607--   Linux version 5.3.0-1032-aws (buildd@lgw01-amd64-026) (gcc version 7.5.0 (Ubuntu 7.5.0-3ubuntu1~18.04)) #34~18.04.2-Ubuntu SMP Fri Jul 24 10:06:28 UTC 2020
--607-- 
--607-- Arch and hwcaps: AMD64, LittleEndian, amd64-cx16-lzcnt-rdtscp-sse3-ssse3-avx-avx2-bmi-f16c-rdrand
--607-- Page sizes: currently 4096, max supported 4096
--607-- Valgrind library directory: /usr/lib/x86_64-linux-gnu/valgrind
--607-- Reading syms from /simple_shell/hsh
--607-- Reading syms from /usr/lib/x86_64-linux-gnu/ld-2.31.so
--607--   Considering /usr/lib/x86_64-linux-gnu/ld-2.31.so ..
--607--   .. CRC mismatch (computed 0306b78c wanted 8d362b37)
--607--   Considering /lib/x86_64-linux-gnu/ld-2.31.so ..
--607--   .. CRC mismatch (computed 0306b78c wanted 8d362b37)
--607--   Considering /usr/lib/debug/lib/x86_64-linux-gnu/ld-2.31.so ..
--607--   .. CRC is valid
--607-- Reading syms from /usr/lib/x86_64-linux-gnu/valgrind/memcheck-amd64-linux
--607--    object doesn't have a symbol table
--607--    object doesn't have a dynamic symbol table
--607-- Scheduler: using generic scheduler lock implementation.
--607-- Reading suppressions file: /usr/lib/x86_64-linux-gnu/valgrind/default.supp
==607== embedded gdbserver: reading from /tmp/vgdb-pipe-from-vgdb-to-607-by-???-on-e2b22ea5d368
==607== embedded gdbserver: writing to   /tmp/vgdb-pipe-to-vgdb-from-607-by-???-on-e2b22ea5d368
==607== embedded gdbserver: shared mem   /tmp/vgdb-pipe-shared-mem-vgdb-607-by-???-on-e2b22ea5d368
==607== 
==607== TO CONTROL THIS PROCESS USING vgdb (which you probably
==607== don't want to do, unless you know exactly what you're doing,
==607== or are doing some strange experiment):
==607==   /usr/lib/x86_64-linux-gnu/valgrind/../../bin/vgdb --pid=607 ...command...
==607== 
==607== TO DEBUG THIS PROCESS USING GDB: start GDB like this
==607==   /path/to/gdb ./hsh
==607== and then give GDB the following command
==607==   target remote | /usr/lib/x86_64-linux-gnu/valgrind/../../bin/vgdb --pid=607
==607== --pid is optional if only one valgrind process is running
==607== 
--607-- REDIR: 0x4022e10 (ld-linux-x86-64.so.2:strlen) redirected to 0x580c9ce2 (???)
--607-- REDIR: 0x4022be0 (ld-linux-x86-64.so.2:index) redirected to 0x580c9cfc (???)
--607-- Reading syms from /usr/lib/x86_64-linux-gnu/valgrind/vgpreload_core-amd64-linux.so
--607--    object doesn't have a symbol table
--607-- Reading syms from /usr/lib/x86_64-linux-gnu/valgrind/vgpreload_memcheck-amd64-linux.so
--607--    object doesn't have a symbol table
==607== WARNING: new redirection conflicts with existing -- ignoring it
--607--     old: 0x04022e10 (strlen              ) R-> (0000.0) 0x580c9ce2 ???
--607--     new: 0x04022e10 (strlen              ) R-> (2007.0) 0x0483f060 strlen
--607-- REDIR: 0x401f5f0 (ld-linux-x86-64.so.2:strcmp) redirected to 0x483ffd0 (strcmp)
--607-- REDIR: 0x4023370 (ld-linux-x86-64.so.2:mempcpy) redirected to 0x4843a20 (mempcpy)
--607-- Reading syms from /usr/lib/x86_64-linux-gnu/libc-2.31.so
--607--   Considering /usr/lib/x86_64-linux-gnu/libc-2.31.so ..
--607--   .. CRC mismatch (computed ef41b1a0 wanted f854b801)
--607--   Considering /lib/x86_64-linux-gnu/libc-2.31.so ..
--607--   .. CRC mismatch (computed ef41b1a0 wanted f854b801)
--607--   Considering /usr/lib/debug/lib/x86_64-linux-gnu/libc-2.31.so ..
--607--   .. CRC is valid
--607-- REDIR: 0x48f44b0 (libc.so.6:memmove) redirected to 0x48311d0 (_vgnU_ifunc_wrapper)
--607-- REDIR: 0x48f37b0 (libc.so.6:strncpy) redirected to 0x48311d0 (_vgnU_ifunc_wrapper)
--607-- REDIR: 0x48f47e0 (libc.so.6:strcasecmp) redirected to 0x48311d0 (_vgnU_ifunc_wrapper)
--607-- REDIR: 0x48f30d0 (libc.so.6:strcat) redirected to 0x48311d0 (_vgnU_ifunc_wrapper)
--607-- REDIR: 0x48f3810 (libc.so.6:rindex) redirected to 0x48311d0 (_vgnU_ifunc_wrapper)
--607-- REDIR: 0x48f5c80 (libc.so.6:rawmemchr) redirected to 0x48311d0 (_vgnU_ifunc_wrapper)
--607-- REDIR: 0x4910d10 (libc.so.6:wmemchr) redirected to 0x48311d0 (_vgnU_ifunc_wrapper)
--607-- REDIR: 0x4910850 (libc.so.6:wcscmp) redirected to 0x48311d0 (_vgnU_ifunc_wrapper)
--607-- REDIR: 0x48f4610 (libc.so.6:mempcpy) redirected to 0x48311d0 (_vgnU_ifunc_wrapper)
--607-- REDIR: 0x48f4440 (libc.so.6:bcmp) redirected to 0x48311d0 (_vgnU_ifunc_wrapper)
--607-- REDIR: 0x48f3740 (libc.so.6:strncmp) redirected to 0x48311d0 (_vgnU_ifunc_wrapper)
--607-- REDIR: 0x48f3180 (libc.so.6:strcmp) redirected to 0x48311d0 (_vgnU_ifunc_wrapper)
--607-- REDIR: 0x48f4570 (libc.so.6:memset) redirected to 0x48311d0 (_vgnU_ifunc_wrapper)
--607-- REDIR: 0x4910810 (libc.so.6:wcschr) redirected to 0x48311d0 (_vgnU_ifunc_wrapper)
--607-- REDIR: 0x48f36a0 (libc.so.6:strnlen) redirected to 0x48311d0 (_vgnU_ifunc_wrapper)
--607-- REDIR: 0x48f3260 (libc.so.6:strcspn) redirected to 0x48311d0 (_vgnU_ifunc_wrapper)
--607-- REDIR: 0x48f4830 (libc.so.6:strncasecmp) redirected to 0x48311d0 (_vgnU_ifunc_wrapper)
--607-- REDIR: 0x48f3200 (libc.so.6:strcpy) redirected to 0x48311d0 (_vgnU_ifunc_wrapper)
--607-- REDIR: 0x48f4980 (libc.so.6:memcpy@@GLIBC_2.14) redirected to 0x48311d0 (_vgnU_ifunc_wrapper)
--607-- REDIR: 0x4911f80 (libc.so.6:wcsnlen) redirected to 0x48311d0 (_vgnU_ifunc_wrapper)
--607-- REDIR: 0x4910890 (libc.so.6:wcscpy) redirected to 0x48311d0 (_vgnU_ifunc_wrapper)
--607-- REDIR: 0x48f3850 (libc.so.6:strpbrk) redirected to 0x48311d0 (_vgnU_ifunc_wrapper)
--607-- REDIR: 0x48f3130 (libc.so.6:index) redirected to 0x48311d0 (_vgnU_ifunc_wrapper)
--607-- REDIR: 0x48f3660 (libc.so.6:strlen) redirected to 0x48311d0 (_vgnU_ifunc_wrapper)
--607-- REDIR: 0x48fcbd0 (libc.so.6:memrchr) redirected to 0x48311d0 (_vgnU_ifunc_wrapper)
--607-- REDIR: 0x48f4880 (libc.so.6:strcasecmp_l) redirected to 0x48311d0 (_vgnU_ifunc_wrapper)
--607-- REDIR: 0x48f4400 (libc.so.6:memchr) redirected to 0x48311d0 (_vgnU_ifunc_wrapper)
--607-- REDIR: 0x4910960 (libc.so.6:wcslen) redirected to 0x48311d0 (_vgnU_ifunc_wrapper)
--607-- REDIR: 0x48f3b10 (libc.so.6:strspn) redirected to 0x48311d0 (_vgnU_ifunc_wrapper)
--607-- REDIR: 0x48f4780 (libc.so.6:stpncpy) redirected to 0x48311d0 (_vgnU_ifunc_wrapper)
--607-- REDIR: 0x48f4720 (libc.so.6:stpcpy) redirected to 0x48311d0 (_vgnU_ifunc_wrapper)
--607-- REDIR: 0x48f5cc0 (libc.so.6:strchrnul) redirected to 0x48311d0 (_vgnU_ifunc_wrapper)
--607-- REDIR: 0x48f48d0 (libc.so.6:strncasecmp_l) redirected to 0x48311d0 (_vgnU_ifunc_wrapper)
--607-- REDIR: 0x49dc410 (libc.so.6:__strrchr_avx2) redirected to 0x483ea10 (rindex)
--607-- REDIR: 0x48ee110 (libc.so.6:malloc) redirected to 0x483b780 (malloc)
--607-- REDIR: 0x49d8440 (libc.so.6:__memchr_avx2) redirected to 0x4840050 (memchr)
--607-- REDIR: 0x49df5f0 (libc.so.6:__memcpy_avx_unaligned_erms) redirected to 0x48429f0 (memmove)
--607-- REDIR: 0x49d79b0 (libc.so.6:__strspn_sse42) redirected to 0x4843ef0 (strspn)
--607-- REDIR: 0x49d7730 (libc.so.6:__strcspn_sse42) redirected to 0x4843e10 (strcspn)
==607== Invalid write of size 1
==607==    at 0x109B76: _strcpy (in /simple_shell/hsh)
==607==    by 0x109967: read_command_tokens (in /simple_shell/hsh)
==607==    by 0x1097F8: main (in /simple_shell/hsh)
==607==  Address 0x4a495f2 is 0 bytes after a block of size 2 alloc'd
==607==    at 0x483B7F3: malloc (in /usr/lib/x86_64-linux-gnu/valgrind/vgpreload_memcheck-amd64-linux.so)
==607==    by 0x10993E: read_command_tokens (in /simple_shell/hsh)
==607==    by 0x1097F8: main (in /simple_shell/hsh)
==607== 
--607-- REDIR: 0x48ee700 (libc.so.6:free) redirected to 0x483c9d0 (free)
==608== Syscall param execve(filename) points to unaddressable byte(s)
==608==    at 0x49371AB: execve (syscall-template.S:78)
==608==    by 0x109334: _execCommand (in /simple_shell/hsh)
==608==    by 0x109808: main (in /simple_shell/hsh)
==608==  Address 0x4a495f2 is 0 bytes after a block of size 2 alloc'd
==608==    at 0x483B7F3: malloc (in /usr/lib/x86_64-linux-gnu/valgrind/vgpreload_memcheck-amd64-linux.so)
==608==    by 0x10993E: read_command_tokens (in /simple_shell/hsh)
==608==    by 0x1097F8: main (in /simple_shell/hsh)
==608== 
==608== Syscall param execve(argv[i]) points to unaddressable byte(s)
==608==    at 0x49371AB: execve (syscall-template.S:78)
==608==    by 0x109334: _execCommand (in /simple_shell/hsh)
==608==    by 0x109808: main (in /simple_shell/hsh)
==608==  Address 0x4a495f2 is 0 bytes after a block of size 2 alloc'd
==608==    at 0x483B7F3: malloc (in /usr/lib/x86_64-linux-gnu/valgrind/vgpreload_memcheck-amd64-linux.so)
==608==    by 0x10993E: read_command_tokens (in /simple_shell/hsh)
==608==    by 0x1097F8: main (in /simple_shell/hsh)
==608== 
--608-- REDIR: 0x49dc5e0 (libc.so.6:__strlen_avx2) redirected to 0x483ef40 (strlen)
--608-- REDIR: 0x49de810 (libc.so.6:__stpcpy_avx2) redirected to 0x4842300 (stpcpy)
--608-- REDIR: 0x49df5d0 (libc.so.6:__mempcpy_avx_unaligned_erms) redirected to 0x4843660 (mempcpy)
--608-- REDIR: 0x49dc220 (libc.so.6:__strchrnul_avx2) redirected to 0x4843540 (strchrnul)
==607== 
==607== Process terminating with default action of signal 2 (SIGINT)
==607==    at 0x4936C6A: wait4 (wait4.c:27)
==607==    by 0x10935F: _execCommand (in /simple_shell/hsh)
==607==    by 0x109808: main (in /simple_shell/hsh)
==608== 
==608== Process terminating with default action of signal 2 (SIGINT)
==608==    at 0x4962002: read (read.c:26)
==608==    by 0x48E4BCE: _IO_file_underflow@@GLIBC_2.2.5 (fileops.c:517)
==608==    by 0x48D7747: getdelim (iogetdelim.c:73)
==608==    by 0x1097B8: main (in /simple_shell/hsh)
==607== 
==607== HEAP SUMMARY:
==607==     in use at exit: 139 bytes in 3 blocks
==607==   total heap usage: 5 allocs, 2 frees, 1,167 bytes allocated
==607== 
==607== Searching for pointers to 3 not-freed blocks
==607== Checked 68,488 bytes
==607== 
==607== 2 bytes in 1 blocks are still reachable in loss record 1 of 3
==607==    at 0x483B7F3: malloc (in /usr/lib/x86_64-linux-gnu/valgrind/vgpreload_memcheck-amd64-linux.so)
==607==    by 0x10993E: read_command_tokens (in /simple_shell/hsh)
==607==    by 0x1097F8: main (in /simple_shell/hsh)
==607== 
==607== 17 bytes in 1 blocks are still reachable in loss record 2 of 3
==607==    at 0x483B7F3: malloc (in /usr/lib/x86_64-linux-gnu/valgrind/vgpreload_memcheck-amd64-linux.so)
==607==    by 0x1098EE: read_command_tokens (in /simple_shell/hsh)
==607==    by 0x1097F8: main (in /simple_shell/hsh)
==607== 
==607== 120 bytes in 1 blocks are still reachable in loss record 3 of 3
==607==    at 0x483B7F3: malloc (in /usr/lib/x86_64-linux-gnu/valgrind/vgpreload_memcheck-amd64-linux.so)
==607==    by 0x48D7573: getdelim (iogetdelim.c:62)
==607==    by 0x1097B8: main (in /simple_shell/hsh)
==607== 
==607== LEAK SUMMARY:
==607==    definitely lost: 0 bytes in 0 blocks
==607==    indirectly lost: 0 bytes in 0 blocks
==607==      possibly lost: 0 bytes in 0 blocks
==607==    still reachable: 139 bytes in 3 blocks
==607==         suppressed: 0 bytes in 0 blocks
==607== 
==607== ERROR SUMMARY: 1 errors from 1 contexts (suppressed: 0 from 0)
==607== 
==607== 1 errors in context 1 of 1:
==607== Invalid write of size 1
==607==    at 0x109B76: _strcpy (in /simple_shell/hsh)
==607==    by 0x109967: read_command_tokens (in /simple_shell/hsh)
==607==    by 0x1097F8: main (in /simple_shell/hsh)
==607==  Address 0x4a495f2 is 0 bytes after a block of size 2 alloc'd
==607==    at 0x483B7F3: malloc (in /usr/lib/x86_64-linux-gnu/valgrind/vgpreload_memcheck-amd64-linux.so)
==607==    by 0x10993E: read_command_tokens (in /simple_shell/hsh)
==607==    by 0x1097F8: main (in /simple_shell/hsh)
==607== 
==607== ERROR SUMMARY: 1 errors from 1 contexts (suppressed: 0 from 0)
==608== 
==608== HEAP SUMMARY:
==608==     in use at exit: 139 bytes in 3 blocks
==608==   total heap usage: 7 allocs, 4 frees, 2,663 bytes allocated
==608== 
==608== Searching for pointers to 3 not-freed blocks
==608== Checked 68,568 bytes
==608== 
==608== 2 bytes in 1 blocks are still reachable in loss record 1 of 3
==608==    at 0x483B7F3: malloc (in /usr/lib/x86_64-linux-gnu/valgrind/vgpreload_memcheck-amd64-linux.so)
==608==    by 0x10993E: read_command_tokens (in /simple_shell/hsh)
==608==    by 0x1097F8: main (in /simple_shell/hsh)
==608== 
==608== 17 bytes in 1 blocks are still reachable in loss record 2 of 3
==608==    at 0x483B7F3: malloc (in /usr/lib/x86_64-linux-gnu/valgrind/vgpreload_memcheck-amd64-linux.so)
==608==    by 0x1098EE: read_command_tokens (in /simple_shell/hsh)
==608==    by 0x1097F8: main (in /simple_shell/hsh)
==608== 
==608== 120 bytes in 1 blocks are still reachable in loss record 3 of 3
==608==    at 0x483B7F3: malloc (in /usr/lib/x86_64-linux-gnu/valgrind/vgpreload_memcheck-amd64-linux.so)
==608==    by 0x48D7573: getdelim (iogetdelim.c:62)
==608==    by 0x1097B8: main (in /simple_shell/hsh)
==608== 
==608== LEAK SUMMARY:
==608==    definitely lost: 0 bytes in 0 blocks
==608==    indirectly lost: 0 bytes in 0 blocks
==608==      possibly lost: 0 bytes in 0 blocks
==608==    still reachable: 139 bytes in 3 blocks
==608==         suppressed: 0 bytes in 0 blocks
==608== 
==608== ERROR SUMMARY: 3 errors from 3 contexts (suppressed: 0 from 0)
==608== 
==608== 1 errors in context 1 of 3:
==608== Syscall param execve(argv[i]) points to unaddressable byte(s)
==608==    at 0x49371AB: execve (syscall-template.S:78)
==608==    by 0x109334: _execCommand (in /simple_shell/hsh)
==608==    by 0x109808: main (in /simple_shell/hsh)
==608==  Address 0x4a495f2 is 0 bytes after a block of size 2 alloc'd
==608==    at 0x483B7F3: malloc (in /usr/lib/x86_64-linux-gnu/valgrind/vgpreload_memcheck-amd64-linux.so)
==608==    by 0x10993E: read_command_tokens (in /simple_shell/hsh)
==608==    by 0x1097F8: main (in /simple_shell/hsh)
==608== 
==608== 
==608== 1 errors in context 2 of 3:
==608== Syscall param execve(filename) points to unaddressable byte(s)
==608==    at 0x49371AB: execve (syscall-template.S:78)
==608==    by 0x109334: _execCommand (in /simple_shell/hsh)
==608==    by 0x109808: main (in /simple_shell/hsh)
==608==  Address 0x4a495f2 is 0 bytes after a block of size 2 alloc'd
==608==    at 0x483B7F3: malloc (in /usr/lib/x86_64-linux-gnu/valgrind/vgpreload_memcheck-amd64-linux.so)
==608==    by 0x10993E: read_command_tokens (in /simple_shell/hsh)
==608==    by 0x1097F8: main (in /simple_shell/hsh)
==608== 
==608== 
==608== 1 errors in context 3 of 3:
==608== Invalid write of size 1
==608==    at 0x109B76: _strcpy (in /simple_shell/hsh)
==608==    by 0x109967: read_command_tokens (in /simple_shell/hsh)
==608==    by 0x1097F8: main (in /simple_shell/hsh)
==608==  Address 0x4a495f2 is 0 bytes after a block of size 2 alloc'd
==608==    at 0x483B7F3: malloc (in /usr/lib/x86_64-linux-gnu/valgrind/vgpreload_memcheck-amd64-linux.so)
==608==    by 0x10993E: read_command_tokens (in /simple_shell/hsh)
==608==    by 0x1097F8: main (in /simple_shell/hsh)
==608== 
==608== ERROR SUMMARY: 3 errors from 3 contexts (suppressed: 0 from 0)
